<?xml version="1.0" encoding="UTF-8"?>
<testng-results skipped="0" failed="0" ignored="0" total="1" passed="1">
  <reporter-output>
  </reporter-output>
  <suite name="Default suite" duration-ms="60" started-at="2018-06-07T03:55:06Z" finished-at="2018-06-07T03:55:07Z">
    <groups>
    </groups>
    <test name="Default test" duration-ms="60" started-at="2018-06-07T03:55:06Z" finished-at="2018-06-07T03:55:07Z">
      <class name="chapter01.ver11.CustomerTest">
        <test-method status="PASS" signature="statement()[pri:0, instance:chapter01.ver11.CustomerTest@51efea79]" name="statement" duration-ms="44" started-at="2018-06-07T11:55:06Z" finished-at="2018-06-07T11:55:07Z">
          <reporter-output>
          </reporter-output>
        </test-method> <!-- statement -->
      </class> <!-- chapter01.ver11.CustomerTest -->
    </test> <!-- Default test -->
  </suite> <!-- Default suite -->
</testng-results>
